Generated at 2013-11-17 18:37:27 +0000
Chef::Exceptions::CookbookNotFound: Cookbook main_arnold not found. If you're loading main_arnold from another cookbook, make sure you configure the dependency in your metadata
/opt/chef/embedded/lib/ruby/gems/1.9.1/gems/chef-11.8.0/lib/chef/cookbook/cookbook_collection.rb:38:in `block in initialize'
/opt/chef/embedded/lib/ruby/gems/1.9.1/gems/ohai-6.20.0/lib/ohai/mash.rb:77:in `yield'
/opt/chef/embedded/lib/ruby/gems/1.9.1/gems/ohai-6.20.0/lib/ohai/mash.rb:77:in `default'
/opt/chef/embedded/lib/ruby/gems/1.9.1/gems/ohai-6.20.0/lib/ohai/mash.rb:77:in `default'
/opt/chef/embedded/lib/ruby/gems/1.9.1/gems/chef-11.8.0/lib/chef/run_context/cookbook_compiler.rb:265:in `[]'
/opt/chef/embedded/lib/ruby/gems/1.9.1/gems/chef-11.8.0/lib/chef/run_context/cookbook_compiler.rb:265:in `each_cookbook_dep'
/opt/chef/embedded/lib/ruby/gems/1.9.1/gems/chef-11.8.0/lib/chef/run_context/cookbook_compiler.rb:243:in `add_cookbook_with_deps'
/opt/chef/embedded/lib/ruby/gems/1.9.1/gems/chef-11.8.0/lib/chef/run_context/cookbook_compiler.rb:87:in `block in cookbook_order'
/opt/chef/embedded/lib/ruby/gems/1.9.1/gems/chef-11.8.0/lib/chef/run_context/cookbook_compiler.rb:85:in `each'
/opt/chef/embedded/lib/ruby/gems/1.9.1/gems/chef-11.8.0/lib/chef/run_context/cookbook_compiler.rb:85:in `cookbook_order'
/opt/chef/embedded/lib/ruby/gems/1.9.1/gems/chef-11.8.0/lib/chef/run_context/cookbook_compiler.rb:97:in `compile_libraries'
/opt/chef/embedded/lib/ruby/gems/1.9.1/gems/chef-11.8.0/lib/chef/run_context/cookbook_compiler.rb:70:in `compile'
/opt/chef/embedded/lib/ruby/gems/1.9.1/gems/chef-11.8.0/lib/chef/run_context.rb:86:in `load'
/opt/chef/embedded/lib/ruby/gems/1.9.1/gems/chef-11.8.0/lib/chef/client.rb:250:in `setup_run_context'
/opt/chef/embedded/lib/ruby/gems/1.9.1/gems/chef-11.8.0/lib/chef/client.rb:498:in `do_run'
/opt/chef/embedded/lib/ruby/gems/1.9.1/gems/chef-11.8.0/lib/chef/client.rb:199:in `block in run'
/opt/chef/embedded/lib/ruby/gems/1.9.1/gems/chef-11.8.0/lib/chef/client.rb:193:in `fork'
/opt/chef/embedded/lib/ruby/gems/1.9.1/gems/chef-11.8.0/lib/chef/client.rb:193:in `run'
/opt/chef/embedded/lib/ruby/gems/1.9.1/gems/chef-11.8.0/lib/chef/application.rb:208:in `run_chef_client'
/opt/chef/embedded/lib/ruby/gems/1.9.1/gems/chef-11.8.0/lib/chef/application/solo.rb:221:in `block in run_application'
/opt/chef/embedded/lib/ruby/gems/1.9.1/gems/chef-11.8.0/lib/chef/application/solo.rb:213:in `loop'
/opt/chef/embedded/lib/ruby/gems/1.9.1/gems/chef-11.8.0/lib/chef/application/solo.rb:213:in `run_application'
/opt/chef/embedded/lib/ruby/gems/1.9.1/gems/chef-11.8.0/lib/chef/application.rb:66:in `run'
/opt/chef/embedded/lib/ruby/gems/1.9.1/gems/chef-11.8.0/bin/chef-solo:25:in `<top (required)>'
/usr/bin/chef-solo:23:in `load'
/usr/bin/chef-solo:23:in `<main>'